TN:
SF:src/main/constants.js
FN:11,(anonymous_0)
FNF:1
FNH:1
FNDA:3,(anonymous_0)
DA:5,3
DA:6,3
DA:9,3
DA:10,3
DA:11,3
DA:12,3
DA:13,3
DA:15,0
DA:20,3
DA:21,3
DA:24,3
DA:25,3
DA:26,3
DA:27,3
DA:30,3
DA:31,3
DA:32,3
DA:35,3
DA:38,3
DA:46,3
DA:47,3
DA:49,3
LF:22
LH:21
BRDA:25,0,0,0
BRDA:25,0,1,3
BRDA:26,1,0,3
BRDA:26,1,1,3
BRDA:35,2,0,0
BRDA:35,2,1,3
BRF:6
BRH:4
end_of_record
TN:
SF:src/main/feishu.js
FN:4,getFeishuToken
FN:5,(anonymous_1)
FN:13,(anonymous_2)
FN:15,(anonymous_3)
FN:16,(anonymous_4)
FN:30,sendFeishuBotMessage
FN:31,(anonymous_6)
FN:46,(anonymous_7)
FN:48,(anonymous_8)
FN:49,(anonymous_9)
FNF:10
FNH:10
FNDA:3,getFeishuToken
FNDA:3,(anonymous_1)
FNDA:2,(anonymous_2)
FNDA:2,(anonymous_3)
FNDA:2,(anonymous_4)
FNDA:3,sendFeishuBotMessage
FNDA:3,(anonymous_6)
FNDA:3,(anonymous_7)
FNDA:3,(anonymous_8)
FNDA:3,(anonymous_9)
DA:2,1
DA:5,3
DA:6,3
DA:7,3
DA:13,3
DA:14,2
DA:15,2
DA:16,2
DA:17,2
DA:18,2
DA:19,2
DA:20,1
DA:21,0
DA:24,3
DA:25,3
DA:26,3
DA:31,3
DA:32,3
DA:37,3
DA:46,3
DA:47,3
DA:48,3
DA:49,3
DA:50,3
DA:51,3
DA:52,3
DA:53,1
DA:54,0
DA:57,3
DA:58,3
DA:59,3
DA:63,1
LF:32
LH:30
BRDA:19,0,0,1
BRDA:19,0,1,1
BRDA:52,1,0,2
BRDA:52,1,1,1
BRF:4
BRH:4
end_of_record
TN:
SF:src/main/http-client.js
FN:11,init
FN:16,httpGet
FN:18,(anonymous_2)
FN:22,(anonymous_3)
FN:23,(anonymous_4)
FN:25,(anonymous_5)
FN:26,(anonymous_6)
FN:33,httpPost
FN:35,(anonymous_8)
FN:41,(anonymous_9)
FN:43,(anonymous_10)
FN:45,(anonymous_11)
FN:46,(anonymous_12)
FN:55,nodeHttpGet
FN:56,(anonymous_14)
FN:68,(anonymous_15)
FN:69,(anonymous_16)
FN:70,(anonymous_17)
FN:73,(anonymous_18)
FN:78,nodeHttpPost
FN:79,(anonymous_20)
FN:92,(anonymous_21)
FN:93,(anonymous_22)
FN:94,(anonymous_23)
FN:97,(anonymous_24)
FNF:25
FNH:11
FNDA:7,init
FNDA:0,httpGet
FNDA:0,(anonymous_2)
FNDA:0,(anonymous_3)
FNDA:0,(anonymous_4)
FNDA:0,(anonymous_5)
FNDA:0,(anonymous_6)
FNDA:0,httpPost
FNDA:0,(anonymous_8)
FNDA:0,(anonymous_9)
FNDA:0,(anonymous_10)
FNDA:0,(anonymous_11)
FNDA:0,(anonymous_12)
FNDA:3,nodeHttpGet
FNDA:3,(anonymous_14)
FNDA:2,(anonymous_15)
FNDA:2,(anonymous_16)
FNDA:2,(anonymous_17)
FNDA:0,(anonymous_18)
FNDA:1,nodeHttpPost
FNDA:1,(anonymous_20)
FNDA:1,(anonymous_21)
FNDA:1,(anonymous_22)
FNDA:1,(anonymous_23)
FNDA:0,(anonymous_24)
DA:5,1
DA:6,1
DA:9,1
DA:12,7
DA:17,0
DA:18,0
DA:19,0
DA:20,0
DA:21,0
DA:22,0
DA:23,0
DA:24,0
DA:25,0
DA:26,0
DA:28,0
DA:29,0
DA:34,0
DA:35,0
DA:36,0
DA:37,0
DA:38,0
DA:39,0
DA:40,0
DA:41,0
DA:43,0
DA:44,0
DA:45,0
DA:46,0
DA:48,0
DA:49,0
DA:50,0
DA:56,3
DA:57,3
DA:58,3
DA:59,3
DA:60,3
DA:68,3
DA:69,2
DA:70,2
DA:72,3
DA:73,3
DA:74,3
DA:79,1
DA:80,1
DA:81,1
DA:82,1
DA:83,1
DA:92,1
DA:93,1
DA:94,1
DA:96,1
DA:97,1
DA:98,1
DA:102,1
LF:54
LH:27
BRDA:22,0,0,0
BRDA:22,0,1,0
BRDA:40,1,0,0
BRDA:40,1,1,0
BRDA:40,2,0,0
BRDA:40,2,1,0
BRDA:59,3,0,0
BRDA:59,3,1,3
BRDA:62,4,0,3
BRDA:62,4,1,0
BRDA:62,5,0,0
BRDA:62,5,1,0
BRDA:82,6,0,0
BRDA:82,6,1,1
BRDA:85,7,0,1
BRDA:85,7,1,0
BRDA:85,8,0,0
BRDA:85,8,1,0
BRF:18
BRH:4
end_of_record
TN:
SF:src/main/license.js
FN:12,init
FN:14,getLicensePath
FN:18,loadLicense
FN:26,saveLicense
FN:30,ensureLicenseInit
FN:44,generateActivationCode
FN:50,verifyActivationCode
FN:59,getDeviceId
FN:76,getLicenseStatus
FNF:9
FNH:9
FNDA:18,init
FNDA:25,getLicensePath
FNDA:12,loadLicense
FNDA:13,saveLicense
FNDA:7,ensureLicenseInit
FNDA:6,generateActivationCode
FNDA:6,verifyActivationCode
FNDA:3,getDeviceId
FNDA:4,getLicenseStatus
DA:5,1
DA:6,1
DA:7,1
DA:8,1
DA:10,1
DA:12,18
DA:15,25
DA:19,12
DA:20,12
DA:21,12
DA:23,5
DA:27,13
DA:31,7
DA:32,7
DA:33,2
DA:34,2
DA:35,2
DA:37,5
DA:38,1
DA:39,1
DA:41,5
DA:45,6
DA:46,6
DA:47,6
DA:51,6
DA:52,3
DA:53,3
DA:55,2
DA:56,1
DA:60,3
DA:61,3
DA:62,2
DA:63,2
DA:64,0
DA:65,0
DA:67,2
DA:68,2
DA:69,0
DA:71,2
DA:73,2
DA:77,4
DA:78,4
DA:80,4
DA:81,2
DA:82,2
DA:83,2
DA:84,1
DA:85,1
DA:86,1
DA:88,1
DA:91,2
DA:92,2
DA:93,2
DA:95,2
DA:96,1
DA:99,1
DA:102,1
LF:57
LH:54
BRDA:21,0,0,7
BRDA:21,0,1,5
BRDA:32,1,0,2
BRDA:32,1,1,5
BRDA:37,2,0,1
BRDA:37,2,1,4
BRDA:51,3,0,3
BRDA:51,3,1,3
BRDA:51,4,0,6
BRDA:51,4,1,4
BRDA:53,5,0,1
BRDA:53,5,1,2
BRDA:55,6,0,1
BRDA:55,6,1,1
BRDA:61,7,0,1
BRDA:61,7,1,2
BRDA:61,8,0,3
BRDA:61,8,1,1
BRDA:63,9,0,0
BRDA:63,9,1,2
BRDA:68,10,0,0
BRDA:68,10,1,2
BRDA:80,11,0,2
BRDA:80,11,1,2
BRDA:80,12,0,4
BRDA:80,12,1,2
BRDA:83,13,0,1
BRDA:83,13,1,1
BRDA:88,14,0,1
BRDA:88,14,1,0
BRDA:95,15,0,1
BRDA:95,15,1,1
BRDA:96,16,0,1
BRDA:96,16,1,1
BRDA:99,17,0,1
BRDA:99,17,1,1
BRF:36
BRH:33
end_of_record
TN:
SF:src/main/roles.js
FN:12,init
FN:14,getRolesPath
FN:18,loadRoles
FN:29,saveRoles
FNF:4
FNH:4
FNDA:11,init
FNDA:8,getRolesPath
FNDA:6,loadRoles
FNDA:2,saveRoles
DA:5,1
DA:6,1
DA:7,1
DA:10,1
DA:12,11
DA:15,8
DA:19,6
DA:20,6
DA:21,6
DA:22,4
DA:23,4
DA:26,3
DA:30,2
DA:33,1
LF:14
LH:14
BRDA:21,0,0,4
BRDA:21,0,1,2
BRDA:23,1,0,3
BRDA:23,1,1,1
BRDA:23,2,0,4
BRDA:23,2,1,4
BRF:6
BRH:6
end_of_record
